[2020-08-10 12:44:45] START
[2020-08-10 12:45:18] EDIT overcoming/models/menu.py: 0
[2020-08-10 12:46:20] EDIT overcoming/views/layout.html: 0
[2020-08-10 12:46:33] EDIT overcoming/views/layout.html: -3
[2020-08-10 12:46:44] EDIT overcoming/views/layout.html: -1
[2020-08-10 12:55:30] EDIT overcoming/models/db.py: 5
[2020-08-10 12:55:43] CREATE pessoa.py: 0
[2020-08-10 12:57:34] EDIT overcoming/controllers/pessoa.py: 2
[2020-08-10 12:57:56] CREATE pessoa/index.html: 0
[2020-08-10 13:11:53] EDIT overcoming/views/pessoa/index.html: 34
[2020-08-10 13:19:48] EDIT overcoming/views/pessoa/index.html: 4
[2020-08-10 13:20:01] EDIT overcoming/views/pessoa/index.html: 1
[2020-08-10 13:22:51] EDIT overcoming/views/pessoa/index.html: 2
[2020-08-10 13:24:25] EDIT overcoming/views/pessoa/index.html: 6
[2020-08-10 13:24:50] EDIT overcoming/views/pessoa/index.html: 0
[2020-08-10 13:25:05] EDIT overcoming/views/pessoa/index.html: 0
[2020-08-10 13:25:33] EDIT overcoming/views/pessoa/index.html: 0
[2020-08-10 13:25:45] EDIT overcoming/views/pessoa/index.html: 0
[2020-08-10 13:25:52] EDIT overcoming/views/pessoa/index.html: 0
[2020-08-10 13:27:12] EDIT overcoming/controllers/pessoa.py: 13
[2020-08-10 13:28:31] EDIT overcoming/views/generic.html: 15
[2020-08-10 13:28:58] EDIT overcoming/views/generic.html: -4
[2020-08-10 13:29:26] EDIT overcoming/views/generic.html: 2
[2020-08-10 13:30:57] EDIT overcoming/views/pessoa/index.html: 1
[2020-08-10 13:35:22] EDIT overcoming/views/pessoa/index.html: 8
[2020-08-10 13:36:58] EDIT overcoming/views/pessoa/index.html: 0
[2020-08-10 13:40:18] EDIT overcoming/controllers/pessoa.py: 4
[2020-08-10 13:42:40] EDIT overcoming/controllers/pessoa.py: 15
[2020-08-10 13:42:45] EDIT overcoming/controllers/pessoa.py: 0
[2020-08-10 13:43:31] EDIT overcoming/views/pessoa/index.html: 0
[2020-08-10 13:47:27] EDIT overcoming/views/pessoa/index.html: 5
[2020-08-10 13:48:06] EDIT overcoming/views/pessoa/index.html: 0
[2020-08-10 13:49:12] EDIT overcoming/views/pessoa/index.html: 1
[2020-08-10 13:51:04] EDIT overcoming/views/pessoa/index.html: 0
[2020-08-10 13:52:11] EDIT overcoming/views/pessoa/index.html: 0
[2020-08-10 13:55:22] EDIT overcoming/views/pessoa/index.html: 0
[2020-08-10 13:55:35] EDIT overcoming/views/pessoa/index.html: 0
[2020-08-10 13:56:08] EDIT overcoming/views/pessoa/index.html: 0
[2020-08-10 13:56:12] EDIT overcoming/views/pessoa/index.html: 0
[2020-08-10 13:56:36] EDIT overcoming/views/pessoa/index.html: 0
[2020-08-10 14:07:42] EDIT overcoming/views/pessoa/index.html: 0
[2020-08-10 14:08:41] EDIT overcoming/views/pessoa/index.html: 0
[2020-08-10 14:12:05] EDIT overcoming/views/pessoa/index.html: 0
[2020-08-10 14:12:53] EDIT overcoming/views/pessoa/index.html: 0
[2020-08-10 14:14:32] EDIT overcoming/views/pessoa/index.html: 0
[2020-08-10 14:15:06] EDIT overcoming/views/pessoa/index.html: -4
[2020-08-10 14:16:12] EDIT overcoming/views/pessoa/index.html: 4
[2020-08-10 14:16:38] EDIT overcoming/views/pessoa/index.html: 0
[2020-08-10 14:17:13] EDIT overcoming/views/pessoa/index.html: 0
[2020-08-10 14:17:43] EDIT overcoming/views/pessoa/index.html: -2
[2020-08-10 14:18:05] EDIT overcoming/views/pessoa/index.html: 2
[2020-08-10 14:18:20] EDIT overcoming/views/pessoa/index.html: -1
[2020-08-10 14:19:01] EDIT overcoming/views/pessoa/index.html: 1
[2020-08-10 14:19:43] EDIT overcoming/views/pessoa/index.html: -1
[2020-08-10 14:19:57] EDIT overcoming/views/pessoa/index.html: 7
[2020-08-10 14:20:28] EDIT overcoming/views/pessoa/index.html: -6
[2020-08-10 14:22:41] EDIT overcoming/views/pessoa/index.html: 0
[2020-08-10 14:23:29] EDIT overcoming/views/pessoa/index.html: 0
[2020-08-10 14:23:51] EDIT overcoming/views/pessoa/index.html: 0
[2020-08-10 14:24:11] EDIT overcoming/views/pessoa/index.html: 0
[2020-08-10 14:24:49] EDIT overcoming/views/pessoa/index.html: 0
[2020-08-10 14:25:07] EDIT overcoming/views/pessoa/index.html: -2
[2020-08-10 14:25:18] EDIT overcoming/views/pessoa/index.html: -2
[2020-08-10 14:26:07] EDIT overcoming/views/pessoa/index.html: 5
[2020-08-10 14:26:52] EDIT overcoming/views/pessoa/index.html: 0
[2020-08-10 14:27:29] EDIT overcoming/views/pessoa/index.html: 0
[2020-08-10 14:30:02] EDIT overcoming/views/pessoa/index.html: 0
[2020-08-10 14:31:12] EDIT overcoming/views/pessoa/index.html: 0
[2020-08-10 14:32:29] EDIT overcoming/views/pessoa/index.html: 0
[2020-08-10 14:35:41] EDIT overcoming/views/pessoa/index.html: 0
[2020-08-10 14:36:21] EDIT overcoming/views/pessoa/index.html: 0
[2020-08-10 14:36:40] EDIT overcoming/views/pessoa/index.html: -2
[2020-08-10 14:37:03] EDIT overcoming/views/pessoa/index.html: 2
[2020-08-10 14:41:27] EDIT overcoming/views/pessoa/index.html: 1
[2020-08-10 14:41:49] EDIT overcoming/views/pessoa/index.html: -1
[2020-08-10 14:44:11] CREATE recebimento.py: 0
[2020-08-10 14:44:31] CREATE recebimento/index.html: 0
[2020-08-10 14:44:38] EDIT overcoming/views/recebimento/index.html: 34
[2020-08-10 14:45:56] EDIT overcoming/controllers/recebimento.py: 12
[2020-08-10 14:59:01] EDIT overcoming/models/db.py: 13
[2020-08-10 14:59:13] CREATE cheque.py: 0
[2020-08-10 14:59:38] CREATE cheque/index.html: 0
[2020-08-10 14:59:47] EDIT overcoming/views/cheque/index.html: 34
[2020-08-10 15:18:09] EDIT overcoming/views/cheque/index.html: 8
[2020-08-10 15:18:25] EDIT overcoming/views/cheque/index.html: 1
[2020-08-10 15:18:40] EDIT overcoming/views/cheque/index.html: 0
[2020-08-10 15:19:07] EDIT overcoming/views/cheque/index.html: 0
[2020-08-10 15:19:12] EDIT overcoming/views/cheque/index.html: 1
[2020-08-10 15:19:56] EDIT overcoming/views/cheque/index.html: 0
[2020-08-10 15:20:39] EDIT overcoming/views/cheque/index.html: 6
[2020-08-10 15:20:52] EDIT overcoming/views/cheque/index.html: 0
[2020-08-10 15:21:17] EDIT overcoming/models/menu.py: 1
[2020-08-10 15:21:23] EDIT overcoming/models/menu.py: 0
[2020-08-10 15:21:34] EDIT overcoming/models/menu.py: 0
[2020-08-10 15:22:05] EDIT overcoming/models/menu.py: 1
[2020-08-10 15:22:41] EDIT overcoming/models/menu.py: 1
[2020-08-10 15:24:30] EDIT overcoming/models/menu.py: 2
[2020-08-10 15:28:00] EDIT overcoming/models/db.py: 9
[2020-08-10 15:28:42] EDIT overcoming/controllers/recebimento.py: 0
[2020-08-10 22:38:35] EDIT overcoming/views/pessoa/index.html: 0
[2020-08-10 22:39:51] EDIT overcoming/views/pessoa/index.html: 0
[2020-08-10 22:40:10] EDIT overcoming/controllers/cheque.py: 1
[2020-08-10 22:40:22] CREATE cheque/acesso.html: 0
[2020-08-10 22:56:44] EDIT overcoming/views/cheque/acesso.html: 62
[2020-08-10 22:58:02] EDIT overcoming/views/cheque/acesso.html: 3
[2020-08-10 22:58:11] EDIT overcoming/views/cheque/acesso.html: 0
[2020-08-10 22:58:55] EDIT overcoming/views/pessoa/index.html: 0
[2020-08-10 22:59:50] EDIT overcoming/views/pessoa/index.html: 0
[2020-08-11 17:14:01] EDIT overcoming/models/db.py: 1
[2020-08-11 17:14:13] EDIT overcoming/views/pessoa/index.html: 2
[2020-08-11 17:15:14] EDIT overcoming/views/cheque/acesso.html: 40
[2020-08-11 17:18:05] EDIT overcoming/views/cheque/acesso.html: 8
[2020-08-11 17:18:24] EDIT overcoming/views/pessoa/index.html: 0
[2020-08-11 17:18:41] EDIT overcoming/views/pessoa/index.html: 0
[2020-08-11 17:22:08] EDIT overcoming/controllers/cheque.py: 3
[2020-08-11 17:22:15] EDIT overcoming/controllers/cheque.py: 0
[2020-08-11 17:22:46] EDIT overcoming/views/cheque/acesso.html: 0
[2020-08-11 17:23:16] EDIT overcoming/views/cheque/acesso.html: 0
[2020-08-11 17:23:36] EDIT overcoming/controllers/cheque.py: 0
[2020-08-11 17:23:54] EDIT overcoming/controllers/cheque.py: 0
[2020-08-11 17:24:01] EDIT overcoming/views/cheque/acesso.html: 0
[2020-08-11 17:24:23] EDIT overcoming/controllers/cheque.py: 0
[2020-08-11 17:24:47] EDIT overcoming/views/cheque/acesso.html: 0
[2020-08-11 17:25:18] EDIT overcoming/controllers/cheque.py: 1
[2020-08-11 17:25:33] EDIT overcoming/controllers/cheque.py: 0
[2020-08-11 17:25:43] EDIT overcoming/views/cheque/acesso.html: 0
[2020-08-11 17:26:08] EDIT overcoming/views/cheque/acesso.html: 2
[2020-08-11 17:26:32] EDIT overcoming/views/cheque/acesso.html: 0
[2020-08-11 17:27:01] EDIT overcoming/views/cheque/acesso.html: 2
[2020-08-11 17:27:33] EDIT overcoming/views/cheque/acesso.html: 2
[2020-08-11 17:27:49] EDIT overcoming/views/cheque/acesso.html: -1
[2020-08-11 17:29:35] EDIT overcoming/views/cheque/acesso.html: 3
[2020-08-11 17:29:49] EDIT overcoming/controllers/cheque.py: 0
[2020-08-11 17:30:54] EDIT overcoming/views/cheque/acesso.html: 0
[2020-08-11 17:31:32] EDIT overcoming/views/cheque/acesso.html: 0
[2020-08-11 17:31:44] EDIT overcoming/views/cheque/acesso.html: 0
[2020-08-11 17:31:57] EDIT overcoming/views/cheque/acesso.html: 0
[2020-08-11 17:32:20] EDIT overcoming/views/cheque/acesso.html: 0
[2020-08-11 17:32:52] EDIT overcoming/controllers/cheque.py: 2
[2020-08-11 17:34:31] EDIT overcoming/controllers/cheque.py: 14
[2020-08-11 17:35:43] EDIT overcoming/models/db.py: 0
[2020-08-11 17:36:03] EDIT overcoming/models/db.py: 0
[2020-08-11 17:36:23] EDIT overcoming/models/db.py: 0
[2020-08-11 17:37:33] EDIT overcoming/models/db.py: 0
[2020-08-11 17:37:50] EDIT overcoming/models/db.py: 1
[2020-08-11 17:38:45] EDIT overcoming/views/cheque/acesso.html: 0
[2020-08-11 17:38:52] EDIT overcoming/views/cheque/acesso.html: 0
[2020-08-11 17:39:26] EDIT overcoming/controllers/cheque.py: 15
[2020-08-11 17:40:32] EDIT overcoming/controllers/cheque.py: 15
[2020-08-11 17:41:16] EDIT overcoming/views/cheque/acesso.html: 0
[2020-08-11 17:41:29] EDIT overcoming/views/cheque/acesso.html: 0
[2020-08-11 17:42:13] EDIT overcoming/controllers/cheque.py: 0
[2020-08-11 17:44:32] EDIT overcoming/views/cheque/acesso.html: 4
[2020-08-11 17:45:31] EDIT overcoming/views/cheque/acesso.html: 0
[2020-08-11 17:46:39] EDIT overcoming/controllers/cheque.py: 0
[2020-08-11 17:47:55] EDIT overcoming/controllers/cheque.py: 0
[2020-08-11 18:10:54] EDIT overcoming/views/cheque/acesso.html: 0
[2020-08-11 18:11:19] EDIT overcoming/views/cheque/acesso.html: 0
[2020-08-11 18:16:00] EDIT overcoming/controllers/cheque.py: 0
[2020-08-11 18:16:33] EDIT overcoming/controllers/cheque.py: 0
[2020-08-11 18:17:02] EDIT overcoming/controllers/cheque.py: 0
[2020-08-11 18:17:15] EDIT overcoming/controllers/cheque.py: 0
[2020-08-11 18:17:37] EDIT overcoming/controllers/cheque.py: 0
[2020-08-11 18:17:40] EDIT overcoming/controllers/cheque.py: 0
[2020-08-11 18:18:25] EDIT overcoming/controllers/cheque.py: 4
[2020-08-11 18:18:47] CREATE recebimento/acesso_recebimentos.html: 0
[2020-08-11 18:19:04] EDIT overcoming/controllers/cheque.py: 0
[2020-08-11 18:19:29] CREATE cheque/acesso_recebimentos.html: 0
[2020-08-11 18:19:43] EDIT overcoming/controllers/cheque.py: 0
[2020-08-11 18:20:09] EDIT overcoming/views/cheque/acesso.html: -67
[2020-08-11 18:20:14] EDIT overcoming/views/cheque/acesso_recebimentos.html: 65
[2020-08-11 18:21:33] EDIT overcoming/views/cheque/acesso_recebimentos.html: 1
[2020-08-11 18:21:53] EDIT overcoming/views/cheque/acesso_recebimentos.html: 0
[2020-08-11 18:22:38] EDIT overcoming/views/cheque/acesso_recebimentos.html: 0
[2020-08-11 18:24:24] EDIT overcoming/views/cheque/acesso_recebimentos.html: 0
[2020-08-11 18:24:28] EDIT overcoming/views/cheque/acesso_recebimentos.html: 0
[2020-08-11 18:25:21] EDIT overcoming/views/cheque/acesso_recebimentos.html: 0
[2020-08-11 18:26:11] EDIT overcoming/views/cheque/acesso_recebimentos.html: 0
[2020-08-11 18:26:45] EDIT overcoming/views/cheque/acesso.html: 0
[2020-08-11 18:27:14] EDIT overcoming/views/cheque/acesso.html: 0
[2020-08-11 18:28:37] EDIT overcoming/views/cheque/acesso_recebimentos.html: 2
[2020-08-11 18:29:07] EDIT overcoming/views/cheque/acesso_recebimentos.html: 0
[2020-08-11 18:29:43] EDIT overcoming/views/cheque/acesso.html: -3
[2020-08-11 18:30:02] EDIT overcoming/views/cheque/acesso.html: 0
[2020-08-11 18:30:19] EDIT overcoming/views/cheque/acesso.html: 0
[2020-08-11 18:31:07] EDIT overcoming/views/cheque/acesso.html: 0
[2020-08-11 18:32:16] EDIT overcoming/views/cheque/acesso_recebimentos.html: 0
[2020-08-11 18:32:28] EDIT overcoming/views/cheque/acesso_recebimentos.html: 0
[2020-08-11 18:32:53] EDIT overcoming/controllers/cheque.py: 0
[2020-08-11 18:37:38] EDIT overcoming/controllers/cheque.py: 0
[2020-08-11 18:37:46] EDIT overcoming/controllers/cheque.py: 0
[2020-08-11 18:37:52] EDIT overcoming/controllers/cheque.py: 0
[2020-08-11 18:42:12] EDIT overcoming/views/cheque/acesso.html: 0
[2020-08-11 18:42:27] EDIT overcoming/views/cheque/acesso.html: 0
[2020-08-11 18:46:26] EDIT overcoming/views/cheque/acesso_recebimentos.html: 0
[2020-08-11 18:48:19] EDIT overcoming/controllers/cheque.py: 19
[2020-08-11 18:49:00] EDIT overcoming/models/db.py: 0
[2020-08-11 18:51:08] EDIT overcoming/controllers/cheque.py: 0
[2020-08-11 18:51:11] EDIT overcoming/controllers/cheque.py: 0
[2020-08-11 18:52:59] EDIT overcoming/controllers/cheque.py: 0
[2020-08-11 18:54:38] EDIT overcoming/views/cheque/acesso_recebimentos.html: 0
[2020-08-11 18:56:10] EDIT overcoming/views/cheque/acesso_recebimentos.html: 2
[2020-08-11 18:56:38] EDIT overcoming/views/cheque/acesso_recebimentos.html: -1
[2020-08-11 19:29:21] EDIT overcoming/models/db.py: 1
[2020-08-11 19:32:12] EDIT overcoming/views/cheque/acesso_recebimentos.html: 0
[2020-08-11 19:32:37] EDIT overcoming/views/cheque/acesso_recebimentos.html: 0
[2020-08-11 19:33:31] EDIT overcoming/views/cheque/acesso_recebimentos.html: 0
[2020-08-11 19:34:35] EDIT overcoming/controllers/cheque.py: 15
[2020-08-11 19:35:19] EDIT overcoming/controllers/cheque.py: 0
[2020-08-11 19:36:04] EDIT overcoming/controllers/pessoa.py: 3
[2020-08-11 19:36:28] EDIT overcoming/controllers/cheque.py: 8
[2020-08-11 19:36:39] EDIT overcoming/controllers/recebimento.py: 1
[2020-08-11 19:38:17] EDIT overcoming/views/cheque/acesso_recebimentos.html: 0
[2020-08-11 19:40:15] EDIT overcoming/controllers/cheque.py: 1
[2020-08-11 19:40:56] EDIT overcoming/views/cheque/acesso_recebimentos.html: 2
[2020-08-11 19:43:31] EDIT overcoming/controllers/cheque.py: 0
[2020-08-11 19:51:26] EDIT overcoming/controllers/cheque.py: 0
[2020-08-11 19:52:00] EDIT overcoming/controllers/cheque.py: 0
[2020-08-11 19:52:56] EDIT overcoming/views/cheque/acesso_recebimentos.html: 0
[2020-08-11 19:53:39] EDIT overcoming/views/cheque/acesso_recebimentos.html: 0
[2020-08-11 19:54:09] EDIT overcoming/views/cheque/acesso_recebimentos.html: 0
[2020-08-11 19:54:20] EDIT overcoming/views/cheque/acesso_recebimentos.html: 0
[2020-08-11 19:54:58] EDIT overcoming/views/cheque/acesso_recebimentos.html: 0
[2020-08-11 19:55:09] EDIT overcoming/views/cheque/acesso_recebimentos.html: 0
[2020-08-11 19:56:59] EDIT overcoming/views/cheque/acesso_recebimentos.html: 0
[2020-08-11 19:57:53] EDIT overcoming/views/cheque/acesso_recebimentos.html: 0
[2020-08-11 19:58:32] EDIT overcoming/views/cheque/acesso_recebimentos.html: 0
[2020-08-11 19:58:43] EDIT overcoming/views/cheque/acesso_recebimentos.html: 0
[2020-08-12 04:37:07] EDIT overcoming/views/cheque/acesso.html: -3
[2020-08-12 04:37:38] EDIT overcoming/views/cheque/acesso.html: 3
[2020-08-12 04:38:58] EDIT overcoming/views/cheque/acesso.html: 0
[2020-08-12 04:39:17] EDIT overcoming/views/cheque/acesso.html: 0
[2020-08-12 04:39:31] EDIT overcoming/views/cheque/acesso.html: 0
[2020-08-12 04:39:41] EDIT overcoming/views/cheque/acesso.html: 0
[2020-08-12 04:40:14] EDIT overcoming/views/cheque/acesso.html: -3
[2020-08-12 04:40:37] EDIT overcoming/views/cheque/acesso.html: 1
[2020-08-12 04:40:55] EDIT overcoming/views/cheque/acesso.html: 1
[2020-08-12 04:41:11] EDIT overcoming/views/cheque/acesso.html: 1
[2020-08-12 04:41:15] EDIT overcoming/views/cheque/acesso.html: 0
[2020-08-12 04:42:32] EDIT overcoming/views/cheque/acesso_recebimentos.html: 0
[2020-08-12 04:42:53] EDIT overcoming/views/cheque/acesso_recebimentos.html: 0
[2020-08-12 04:43:52] EDIT overcoming/views/cheque/acesso_recebimentos.html: -2
[2020-08-12 04:44:19] EDIT overcoming/views/cheque/acesso_recebimentos.html: 0
[2020-08-12 04:44:45] EDIT overcoming/views/cheque/acesso_recebimentos.html: 0
[2020-08-12 04:45:34] EDIT overcoming/views/cheque/acesso_recebimentos.html: 0
[2020-08-12 04:46:14] EDIT overcoming/views/cheque/acesso_recebimentos.html: 0
[2020-08-12 04:46:41] EDIT overcoming/views/cheque/acesso_recebimentos.html: 0
[2020-08-12 04:47:08] EDIT overcoming/views/cheque/acesso_recebimentos.html: 0
[2020-08-12 04:48:19] EDIT overcoming/views/cheque/acesso_recebimentos.html: 0
[2020-08-12 04:49:28] EDIT overcoming/views/cheque/acesso.html: 0
[2020-08-12 04:49:50] EDIT overcoming/views/cheque/acesso.html: 0
[2020-08-12 04:50:36] EDIT overcoming/views/cheque/acesso_recebimentos.html: 0
[2020-08-12 04:51:38] EDIT overcoming/views/cheque/acesso_recebimentos.html: 0
[2020-08-12 04:52:02] EDIT overcoming/views/cheque/acesso_recebimentos.html: 0
[2020-08-12 04:54:10] EDIT overcoming/views/cheque/acesso_recebimentos.html: 2
[2020-08-12 04:54:55] EDIT overcoming/views/cheque/acesso_recebimentos.html: -1
[2020-08-12 04:55:19] EDIT overcoming/views/cheque/acesso.html: -4
[2020-08-12 04:56:31] EDIT overcoming/views/cheque/acesso_recebimentos.html: 1
[2020-08-12 04:56:46] EDIT overcoming/views/cheque/acesso_recebimentos.html: 0
[2020-08-12 04:57:20] EDIT overcoming/views/cheque/acesso_recebimentos.html: 0
[2020-08-12 05:02:29] EDIT overcoming/views/cheque/acesso.html: 2
[2020-08-12 05:03:03] EDIT overcoming/views/cheque/acesso.html: 2
[2020-08-12 05:08:31] EDIT overcoming/views/cheque/index.html: 62
[2020-08-12 05:24:23] EDIT overcoming/views/cheque/index.html: -63
[2020-08-12 05:28:04] EDIT overcoming/models/menu.py: 0
[2020-08-12 05:30:23] EDIT overcoming/controllers/cheque.py: 11
[2020-08-12 05:31:18] EDIT overcoming/views/cheque/index.html: 33
[2020-08-12 05:32:43] EDIT overcoming/views/cheque/index.html: 6
[2020-08-12 05:33:08] EDIT overcoming/views/cheque/index.html: 2
[2020-08-12 05:33:31] EDIT overcoming/views/cheque/index.html: 0
[2020-08-12 05:34:40] EDIT overcoming/views/cheque/index.html: 0
[2020-08-12 05:35:52] EDIT overcoming/views/cheque/index.html: 2
[2020-08-12 05:36:02] EDIT overcoming/views/cheque/index.html: 0
[2020-08-12 05:37:22] EDIT overcoming/views/cheque/index.html: 0
[2020-08-12 05:38:00] EDIT overcoming/views/cheque/index.html: 0
[2020-08-12 05:40:01] EDIT overcoming/views/cheque/index.html: 3
[2020-08-12 05:40:28] EDIT overcoming/views/cheque/index.html: 0
[2020-08-12 05:40:45] EDIT overcoming/views/cheque/index.html: 0
[2020-08-12 05:41:34] EDIT overcoming/controllers/cheque.py: 5
[2020-08-12 05:41:56] CREATE cheque/ver_cheque.html: 0
[2020-08-12 05:42:05] EDIT overcoming/views/cheque/ver_cheque.html: 72
[2020-08-12 05:42:38] EDIT overcoming/views/cheque/ver_cheque.html: -3
[2020-08-12 05:42:47] EDIT overcoming/views/cheque/ver_cheque.html: -1
[2020-08-12 05:43:26] EDIT overcoming/views/cheque/ver_cheque.html: -2
[2020-08-12 05:44:28] EDIT overcoming/views/cheque/ver_cheque.html: 0
[2020-08-12 05:44:41] EDIT overcoming/views/cheque/ver_cheque.html: 0
[2020-08-12 05:44:55] EDIT overcoming/views/cheque/ver_cheque.html: 0
[2020-08-12 05:55:35] EDIT overcoming/views/cheque/ver_cheque.html: -2
[2020-08-12 05:57:00] EDIT overcoming/views/cheque/index.html: 2
[2020-08-12 05:57:15] EDIT overcoming/views/cheque/index.html: 0
[2020-08-12 05:59:03] EDIT overcoming/views/pessoa/index.html: 0
[2020-08-12 06:04:43] EDIT overcoming/views/recebimento/index.html: 64
[2020-08-12 06:05:40] EDIT overcoming/views/recebimento/index.html: 0
[2020-08-12 06:06:41] EDIT overcoming/views/recebimento/index.html: 2
[2020-08-12 06:07:31] EDIT overcoming/views/recebimento/index.html: 0
[2020-08-12 06:07:44] EDIT overcoming/views/recebimento/index.html: 0
[2020-08-12 06:10:04] EDIT overcoming/views/recebimento/index.html: 7
[2020-08-12 06:10:32] EDIT overcoming/views/recebimento/index.html: -8
[2020-08-12 06:11:20] EDIT overcoming/views/cheque/index.html: 11
[2020-08-12 06:11:29] EDIT overcoming/views/cheque/index.html: -13
[2020-08-12 06:11:49] EDIT overcoming/views/cheque/index.html: 1
[2020-08-12 06:13:07] EDIT overcoming/views/cheque/index.html: 0
[2020-08-12 06:13:39] EDIT overcoming/views/recebimento/index.html: 0
[2020-08-12 06:20:43] EDIT overcoming/views/default/index.html: 0
[2020-08-12 06:21:57] EDIT overcoming/controllers/default.py: -1
[2020-08-12 06:26:38] EDIT overcoming/views/layout.html: 10
[2020-08-12 06:26:50] EDIT overcoming/views/layout.html: 0
[2020-08-12 06:27:45] EDIT overcoming/views/pessoa/index.html: 0
[2020-08-12 06:28:07] EDIT overcoming/views/cheque/acesso.html: 0
[2020-08-12 06:28:48] EDIT overcoming/views/pessoa/index.html: 0
[2020-08-12 06:29:18] EDIT overcoming/views/cheque/acesso.html: 0
[2020-08-12 06:29:53] EDIT overcoming/views/cheque/acesso_recebimentos.html: 0
[2020-08-12 06:30:11] EDIT overcoming/views/cheque/acesso_recebimentos.html: 0
[2020-08-12 06:30:37] EDIT overcoming/views/cheque/acesso_recebimentos.html: 0
[2020-08-12 06:30:48] EDIT overcoming/views/cheque/acesso_recebimentos.html: 1
[2020-08-12 06:32:33] EDIT overcoming/views/cheque/index.html: 0
[2020-08-12 06:33:26] EDIT overcoming/views/cheque/index.html: 0
[2020-08-12 06:33:39] EDIT overcoming/views/cheque/index.html: 0
[2020-08-12 06:34:05] EDIT overcoming/views/cheque/index.html: 0
[2020-08-12 06:35:37] EDIT overcoming/views/cheque/index.html: 0
[2020-08-12 06:36:15] EDIT overcoming/views/cheque/index.html: 0
[2020-08-12 06:36:26] EDIT overcoming/views/cheque/index.html: 0
[2020-08-12 06:38:37] EDIT overcoming/views/cheque/index.html: 0
[2020-08-12 06:39:15] EDIT overcoming/views/cheque/index.html: 0
[2020-08-12 06:40:19] EDIT overcoming/views/cheque/index.html: 0
[2020-08-12 06:41:02] EDIT overcoming/views/cheque/index.html: 0
[2020-08-12 06:41:27] EDIT overcoming/views/cheque/index.html: 0
[2020-08-12 06:42:28] EDIT overcoming/views/recebimento/index.html: -1
[2020-08-12 06:42:44] EDIT overcoming/views/recebimento/index.html: 0
[2020-08-12 06:43:01] EDIT overcoming/views/recebimento/index.html: 0
[2020-08-12 06:43:26] EDIT overcoming/views/recebimento/index.html: 0
[2020-08-12 06:43:49] EDIT overcoming/views/recebimento/index.html: 0
[2020-08-12 06:44:13] EDIT overcoming/views/recebimento/index.html: 0
[2020-08-13 03:34:06] EDIT overcoming/controllers/recebimento.py: 2
[2020-08-13 03:34:19] CREATE recebimento/ver_cheque.html: 0
[2020-08-13 03:35:10] EDIT overcoming/controllers/recebimento.py: 0
[2020-08-13 03:37:01] DELETE overcoming/views/recebimento/ver_cheque.html: -3
[2020-08-13 03:38:08] EDIT overcoming/views/recebimento/index.html: 0
[2020-08-13 03:38:21] CREATE recebimento/ver_recebimento.html: 0
[2020-08-13 03:39:50] EDIT overcoming/controllers/recebimento.py: 1
[2020-08-13 03:47:40] EDIT overcoming/views/recebimento/ver_recebimento.html: 62
[2020-08-13 03:48:05] EDIT overcoming/views/recebimento/ver_recebimento.html: 0
[2020-08-13 03:48:22] EDIT overcoming/views/recebimento/ver_recebimento.html: 0
[2020-08-13 03:49:15] EDIT overcoming/views/recebimento/ver_recebimento.html: 0
[2020-08-13 03:50:27] EDIT overcoming/views/recebimento/ver_recebimento.html: 0
[2020-08-13 03:51:02] EDIT overcoming/views/recebimento/ver_recebimento.html: 0
[2020-08-13 03:52:24] EDIT overcoming/views/recebimento/ver_recebimento.html: 0
[2020-08-13 03:52:53] EDIT overcoming/views/recebimento/ver_recebimento.html: 0
[2020-08-13 03:53:38] EDIT overcoming/views/recebimento/ver_recebimento.html: 0
[2020-08-13 03:54:30] EDIT overcoming/views/recebimento/ver_recebimento.html: 0
[2020-08-13 03:57:22] EDIT overcoming/views/recebimento/ver_recebimento.html: 9
[2020-08-13 03:57:40] EDIT overcoming/views/recebimento/ver_recebimento.html: 1
[2020-08-13 03:57:49] EDIT overcoming/views/recebimento/ver_recebimento.html: 0
[2020-08-13 03:58:20] EDIT overcoming/views/recebimento/ver_recebimento.html: 0
[2020-08-13 03:59:32] EDIT overcoming/views/recebimento/ver_recebimento.html: 4
[2020-08-13 03:59:41] EDIT overcoming/views/recebimento/ver_recebimento.html: 0
[2020-08-13 04:00:22] EDIT overcoming/views/recebimento/ver_recebimento.html: 0
[2020-08-13 04:00:50] EDIT overcoming/controllers/recebimento.py: 4
[2020-08-13 04:01:00] CREATE recebimento/ver_cheque.html: 0
[2020-08-13 04:01:14] EDIT overcoming/views/recebimento/ver_cheque.html: 64
[2020-08-13 04:02:04] EDIT overcoming/views/recebimento/ver_recebimento.html: 0
[2020-08-13 04:02:26] EDIT overcoming/controllers/recebimento.py: 1
[2020-08-13 04:02:50] EDIT overcoming/views/recebimento/ver_recebimento.html: 0
[2020-08-13 04:04:43] EDIT overcoming/views/recebimento/ver_cheque.html: 0
[2020-08-13 04:07:13] EDIT overcoming/views/pessoa/index.html: 0
[2020-08-13 04:08:22] EDIT overcoming/views/pessoa/index.html: 3
[2020-08-13 04:09:12] EDIT overcoming/views/cheque/index.html: 3
[2020-08-13 04:10:25] EDIT overcoming/views/cheque/index.html: 0
[2020-08-13 04:11:25] EDIT overcoming/views/cheque/acesso.html: 3
[2020-08-13 04:11:40] EDIT overcoming/views/cheque/acesso.html: 0
[2020-08-13 04:13:05] EDIT overcoming/views/cheque/acesso_recebimentos.html: 3
[2020-08-13 04:13:26] EDIT overcoming/views/cheque/acesso_recebimentos.html: 0
[2020-08-13 04:13:51] EDIT overcoming/views/cheque/acesso_recebimentos.html: 0
[2020-08-13 04:15:03] EDIT overcoming/views/cheque/acesso_recebimentos.html: 2
[2020-08-13 04:16:30] EDIT overcoming/views/cheque/acesso.html: 0
[2020-08-13 04:16:42] EDIT overcoming/views/cheque/acesso.html: 0
[2020-08-13 04:16:54] EDIT overcoming/views/cheque/index.html: 0
[2020-08-13 04:17:08] EDIT overcoming/views/cheque/index.html: 0
[2020-08-13 04:17:23] EDIT overcoming/views/pessoa/index.html: 0
[2020-08-13 04:18:23] EDIT overcoming/views/pessoa/index.html: 0
[2020-08-13 04:19:51] EDIT overcoming/views/cheque/ver_cheque.html: 3
[2020-08-13 04:20:32] EDIT overcoming/views/recebimento/index.html: 3
[2020-08-13 04:22:12] EDIT overcoming/views/recebimento/ver_recebimento.html: 3
[2020-08-13 04:22:48] EDIT overcoming/views/recebimento/ver_recebimento.html: 0
[2020-08-13 04:23:49] EDIT overcoming/views/recebimento/ver_cheque.html: 3
[2020-08-13 04:26:31] EDIT overcoming/models/menu.py: 3
[2020-08-13 04:47:09] EDIT overcoming/views/cheque/acesso_recebimentos.html: 9
[2020-08-13 04:47:40] EDIT overcoming/views/cheque/acesso_recebimentos.html: 0
[2020-08-13 04:48:26] EDIT overcoming/views/cheque/acesso_recebimentos.html: -2
[2020-08-13 04:48:36] EDIT overcoming/views/cheque/acesso_recebimentos.html: 1
[2020-08-13 04:48:41] EDIT overcoming/views/cheque/acesso_recebimentos.html: 1
[2020-08-13 04:50:27] EDIT overcoming/views/cheque/acesso_recebimentos.html: 1
[2020-08-13 04:50:40] EDIT overcoming/views/cheque/acesso_recebimentos.html: 0
[2020-08-13 04:50:55] EDIT overcoming/views/cheque/acesso_recebimentos.html: 0
[2020-08-13 04:52:08] EDIT overcoming/views/cheque/acesso_recebimentos.html: 3
[2020-08-13 04:52:26] EDIT overcoming/views/cheque/acesso_recebimentos.html: 0
[2020-08-13 04:53:40] EDIT overcoming/views/cheque/acesso_recebimentos.html: 0
[2020-08-13 04:54:24] EDIT overcoming/views/cheque/acesso_recebimentos.html: 0
[2020-08-13 04:55:08] EDIT overcoming/views/cheque/acesso_recebimentos.html: 0
[2020-08-13 05:02:40] EDIT overcoming/controllers/recebimento.py: 2
[2020-08-13 05:02:54] EDIT overcoming/controllers/default.py: 1
[2020-08-13 05:07:33] EDIT overcoming/views/default/index.html: -9
[2020-08-13 05:08:12] EDIT overcoming/views/default/index.html: 0
[2020-08-13 05:08:37] EDIT overcoming/views/default/index.html: 0
[2020-08-13 05:09:09] EDIT overcoming/views/default/index.html: 0
[2020-08-13 05:20:33] UPLOAD /home/rogoberto/web2py/applications/overcoming/static/images/favicon2.ico: 1
[2020-08-13 05:21:02] UPLOAD /home/rogoberto/web2py/applications/overcoming/static/images/favicon2.png: 10
[2020-08-13 05:21:11] EDIT overcoming/views/layout.html: 0
[2020-08-13 23:58:20] EDIT overcoming/models/db.py: 1
[2020-08-13 23:58:39] EDIT overcoming/models/db.py: 0
[2020-08-13 23:58:52] EDIT overcoming/models/db.py: 0
[2020-08-14 00:07:34] EDIT overcoming/models/db.py: 2
[2020-08-14 00:09:00] EDIT overcoming/views/pessoa/index.html: 2
[2020-08-14 00:10:08] EDIT overcoming/views/pessoa/index.html: 4
[2020-08-14 01:59:43] EDIT overcoming/controllers/cheque.py: 0
[2020-08-14 02:01:40] EDIT overcoming/controllers/cheque.py: 0
[2020-08-14 02:03:19] EDIT overcoming/controllers/cheque.py: 0
[2020-08-14 02:05:12] EDIT overcoming/controllers/cheque.py: 0
[2020-08-14 02:06:02] EDIT overcoming/controllers/cheque.py: 0
[2020-08-14 02:14:35] EDIT overcoming/views/cheque/acesso.html: 10
[2020-08-14 02:15:00] EDIT overcoming/views/cheque/acesso.html: 2
[2020-08-14 02:15:47] EDIT overcoming/views/cheque/acesso.html: 0
[2020-08-14 02:16:04] EDIT overcoming/views/cheque/acesso.html: 0
[2020-08-14 14:40:55] EDIT overcoming/controllers/cheque.py: 0
[2020-08-14 14:42:55] EDIT overcoming/views/pessoa/index.html: 6
[2020-08-14 14:43:00] EDIT overcoming/views/pessoa/index.html: 0
[2020-08-14 14:43:25] EDIT overcoming/views/pessoa/index.html: 0
[2020-08-14 14:43:39] EDIT overcoming/views/pessoa/index.html: 3
[2020-08-14 14:43:49] EDIT overcoming/views/pessoa/index.html: 0
[2020-08-14 14:45:19] EDIT overcoming/controllers/cheque.py: 2
[2020-08-14 14:56:14] EDIT overcoming/models/db.py: 1
[2020-08-14 14:56:37] EDIT overcoming/views/pessoa/index.html: 2
[2020-08-14 14:57:21] EDIT overcoming/views/cheque/acesso.html: 1
[2020-08-14 15:00:24] EDIT overcoming/views/pessoa/index.html: 2
[2020-08-14 15:00:42] EDIT overcoming/views/pessoa/index.html: 1
[2020-08-14 15:18:00] EDIT overcoming/views/recebimento/ver_recebimento.html: 0
[2020-08-14 15:24:02] EDIT overcoming/controllers/pessoa.py: 1
[2020-08-14 15:24:19] EDIT overcoming/views/pessoa/index.html: 1
[2020-08-14 15:24:50] EDIT overcoming/controllers/pessoa.py: 0
[2020-08-14 15:25:09] EDIT overcoming/controllers/pessoa.py: 0
[2020-08-14 15:25:34] EDIT overcoming/controllers/pessoa.py: 0
[2020-08-14 15:25:46] EDIT overcoming/controllers/pessoa.py: 0
[2020-08-14 15:26:10] EDIT overcoming/views/pessoa/index.html: 0
[2020-08-14 15:26:54] EDIT overcoming/controllers/pessoa.py: 8
[2020-08-14 15:27:23] EDIT overcoming/controllers/pessoa.py: 1
[2020-08-14 15:27:54] EDIT overcoming/controllers/pessoa.py: 1
[2020-08-14 15:28:07] EDIT overcoming/views/pessoa/index.html: 0
[2020-08-14 15:52:59] EDIT overcoming/models/menu.py: 1
[2020-08-14 15:53:17] EDIT overcoming/models/menu.py: 0
[2020-08-14 15:53:46] EDIT overcoming/controllers/pessoa.py: -1
[2020-08-14 15:53:59] EDIT overcoming/controllers/pessoa.py: 0
[2020-08-14 15:54:13] EDIT overcoming/models/menu.py: 0
[2020-08-14 15:54:27] CREATE pessoa/inativos.html: 0
[2020-08-14 15:54:43] EDIT overcoming/views/pessoa/inativos.html: 89
[2020-08-14 15:56:19] EDIT overcoming/controllers/pessoa.py: -1
[2020-08-14 15:56:36] EDIT overcoming/views/pessoa/inativos.html: -1
[2020-08-14 15:57:05] EDIT overcoming/views/pessoa/inativos.html: -4
[2020-08-14 15:57:56] EDIT overcoming/controllers/pessoa.py: 0
[2020-08-14 15:58:53] EDIT overcoming/controllers/pessoa.py: 0
[2020-08-15 03:41:13] EDIT overcoming/controllers/recebimento.py: 0
[2020-08-15 03:41:23] EDIT overcoming/controllers/recebimento.py: 0
[2020-08-15 03:46:45] EDIT overcoming/views/recebimento/index.html: -1
[2020-08-21 14:42:28] EDIT overcoming/models/menu.py: 3
[2020-08-21 22:24:33] EDIT overcoming/views/cheque/acesso_recebimentos.html: 3
[2020-08-21 22:27:42] EDIT overcoming/controllers/cheque.py: 16
[2020-08-21 22:28:07] EDIT overcoming/controllers/cheque.py: 0
[2020-08-21 22:28:21] EDIT overcoming/controllers/cheque.py: 0
[2020-08-21 22:31:16] EDIT overcoming/controllers/cheque.py: 4
[2020-08-21 22:31:39] EDIT overcoming/controllers/cheque.py: 0
[2020-08-21 22:31:49] EDIT overcoming/controllers/cheque.py: 0
[2020-08-21 22:33:01] EDIT overcoming/views/cheque/acesso_recebimentos.html: 0
[2020-08-21 22:33:18] EDIT overcoming/models/db.py: 1
[2020-08-21 22:34:55] EDIT overcoming/views/recebimento/index.html: 2
[2020-08-21 22:35:08] EDIT overcoming/views/recebimento/index.html: 0
[2020-08-21 22:35:40] EDIT overcoming/views/recebimento/index.html: 0
[2020-08-21 22:39:32] EDIT overcoming/views/recebimento/index.html: 4
[2020-08-21 22:39:50] EDIT overcoming/views/recebimento/index.html: 1
[2020-08-21 22:40:20] EDIT overcoming/views/recebimento/index.html: -1
[2020-08-21 22:40:41] EDIT overcoming/views/recebimento/index.html: 0
[2020-08-21 22:40:54] EDIT overcoming/views/recebimento/index.html: 0
[2020-08-21 22:42:13] EDIT overcoming/views/recebimento/index.html: 2
[2020-08-21 22:42:24] EDIT overcoming/views/recebimento/index.html: 0
[2020-08-21 22:43:30] EDIT overcoming/views/recebimento/index.html: 1
[2020-08-21 22:46:58] EDIT overcoming/controllers/recebimento.py: 10
[2020-08-21 22:47:33] EDIT overcoming/controllers/recebimento.py: 0
[2020-08-21 22:48:03] EDIT overcoming/views/recebimento/index.html: 0
[2020-08-21 22:48:27] EDIT overcoming/views/recebimento/index.html: 0
[2020-08-21 22:56:14] EDIT overcoming/views/cheque/acesso_recebimentos.html: 2
[2020-08-21 22:56:45] EDIT overcoming/views/cheque/acesso_recebimentos.html: 0
[2020-08-21 22:57:09] EDIT overcoming/views/cheque/acesso_recebimentos.html: 0
[2020-08-21 23:00:12] EDIT overcoming/views/cheque/acesso_recebimentos.html: 2
[2020-08-21 23:00:29] EDIT overcoming/views/cheque/acesso_recebimentos.html: 0
[2020-08-21 23:06:11] EDIT overcoming/views/cheque/acesso_recebimentos.html: 0
[2020-08-21 23:19:24] EDIT overcoming/controllers/cheque.py: 4
[2020-08-21 23:19:33] EDIT overcoming/controllers/cheque.py: 0
[2020-08-21 23:24:38] EDIT overcoming/views/cheque/acesso.html: 2
[2020-08-21 23:25:38] EDIT overcoming/controllers/pessoa.py: 0
[2020-08-21 23:30:11] EDIT overcoming/controllers/pessoa.py: 0
[2020-08-21 23:30:21] EDIT overcoming/views/pessoa/index.html: 0
[2020-08-21 23:31:03] EDIT overcoming/controllers/cheque.py: 1
[2020-08-21 23:31:16] EDIT overcoming/controllers/recebimento.py: 1
[2020-09-05 15:46:03] EDIT overcoming/views/recebimento/ver_cheque.html: 1
[2020-09-05 15:46:11] EDIT overcoming/views/recebimento/ver_cheque.html: 1
[2020-09-05 15:46:36] EDIT overcoming/views/recebimento/ver_cheque.html: 2
[2020-09-05 15:48:31] EDIT overcoming/controllers/recebimento.py: 16
[2020-09-05 15:50:47] EDIT overcoming/controllers/recebimento.py: 0
[2020-09-05 15:51:58] EDIT overcoming/controllers/recebimento.py: 0
[2020-09-05 16:04:28] EDIT overcoming/views/cheque/acesso.html: 11
[2020-09-05 16:04:44] EDIT overcoming/views/cheque/acesso.html: 0
[2020-09-05 16:06:18] EDIT overcoming/views/cheque/acesso.html: 0
[2020-09-05 16:06:38] EDIT overcoming/views/cheque/acesso.html: 0
[2020-09-05 16:20:11] EDIT overcoming/views/cheque/acesso.html: -1
[2020-09-05 16:26:38] EDIT overcoming/views/recebimento/index.html: 0
[2020-09-13 12:48:53] EDIT overcoming/controllers/pessoa.py: 0
[2020-09-20 03:08:21] EDIT overcoming/controllers/pessoa.py: 0
[2020-09-20 03:13:11] EDIT overcoming/views/pessoa/index.html: 6
[2020-09-20 03:14:31] EDIT overcoming/views/pessoa/index.html: 2
[2020-09-20 03:15:14] EDIT overcoming/views/pessoa/index.html: -1
[2020-09-20 03:15:56] EDIT overcoming/views/pessoa/index.html: -2
[2020-09-20 03:16:13] EDIT overcoming/views/pessoa/index.html: -5
[2020-09-20 03:18:00] EDIT overcoming/views/pessoa/index.html: 10
[2020-09-20 03:19:11] EDIT overcoming/views/pessoa/index.html: 0
[2020-09-20 03:19:30] EDIT overcoming/views/pessoa/index.html: -1
[2020-09-20 03:19:37] EDIT overcoming/views/pessoa/index.html: 0
[2020-09-20 03:20:16] EDIT overcoming/views/pessoa/index.html: -1
[2020-09-20 03:21:32] EDIT overcoming/views/pessoa/index.html: 1
[2020-10-26 13:17:24] EDIT overcoming/views/cheque/acesso.html: 0
[2020-10-26 13:18:41] EDIT overcoming/views/cheque/acesso.html: 0
[2020-10-26 13:18:51] EDIT overcoming/views/cheque/acesso.html: 0
[2020-10-26 13:19:14] EDIT overcoming/views/cheque/acesso.html: 0
[2020-10-26 13:19:22] EDIT overcoming/views/cheque/acesso.html: 0
[2020-10-26 13:30:22] EDIT overcoming/views/cheque/acesso.html: 0
[2020-10-26 13:35:01] EDIT overcoming/controllers/recebimento.py: 1
[2020-10-26 13:54:47] EDIT overcoming/controllers/cheque.py: 6
